<?xml version="1.0" encoding="UTF-8"?>
<!-- Generated by org.testng.reporters.JUnitXMLReporter -->
<testsuite ignored="0" hostname="Gajawadas-PC" failures="1" tests="4" name="Test" time="60.719" errors="0" timestamp="01 Feb 2021 13:02:37 GMT">
  <testcase classname="Academy.homePage" name="basepageNavigation" time="33.049"/>
  <testcase classname="Academy.homePage" name="basepageNavigation" time="4.629"/>
  <testcase classname="Academy.ValidatenavigationBar" name="navigation" time="0.377"/>
  <testcase classname="Academy.validateTitle" name="basepageNavigation" time="0.092">
    <failure type="junit.framework.ComparisonFailure" message="expected:&amp;lt;......&amp;gt; but was:&amp;lt;...3...&amp;gt;">
      <![CDATA[junit.framework.ComparisonFailure: expected:<......> but was:<...3...>
at junit.framework.Assert.assertEquals(Assert.java:81)
at junit.framework.Assert.assertEquals(Assert.java:87)
at Academy.validateTitle.basepageNavigation(validateTitle.java:34)
... Removed 25 stack frames]]>
    </failure>
  </testcase> <!-- basepageNavigation -->
</testsuite> <!-- Test -->
