<?xml version="1.0" encoding="UTF-8"?>
<testng-results ignored="0" total="4" passed="3" failed="1" skipped="0">
  <reporter-output>
  </reporter-output>
  <suite started-at="2021-02-01T13:25:35Z" name="Suite" finished-at="2021-02-01T13:26:39Z" duration-ms="63975">
    <groups>
    </groups>
    <test started-at="2021-02-01T13:25:35Z" name="Test" finished-at="2021-02-01T13:26:39Z" duration-ms="63975">
      <class name="Academy.validateTitle">
        <test-method signature="basepageNavigation()[pri:0, instance:Academy.validateTitle@436bc36]" started-at="2021-02-01T13:26:38Z" name="basepageNavigation" finished-at="2021-02-01T13:26:38Z" duration-ms="196" status="FAIL">
          <exception class="junit.framework.ComparisonFailure">
            <message>
              <![CDATA[expected:<......> but was:<...3...>]]>
            </message>
            <full-stacktrace>
              <![CDATA[junit.framework.ComparisonFailure: expected:<......> but was:<...3...>
at junit.framework.Assert.assertEquals(Assert.java:81)
at junit.framework.Assert.assertEquals(Assert.java:87)
at Academy.validateTitle.basepageNavigation(validateTitle.java:34)
at java.base/jdk.internal.reflect.NativeMethodAccessorImpl.invoke0(Native Method)
at java.base/jdk.internal.reflect.NativeMethodAccessorImpl.invoke(NativeMethodAccessorImpl.java:64)
at java.base/jdk.internal.reflect.DelegatingMethodAccessorImpl.invoke(DelegatingMethodAccessorImpl.java:43)
at java.base/java.lang.reflect.Method.invoke(Method.java:564)
at org.testng.internal.MethodInvocationHelper.invokeMethod(MethodInvocationHelper.java:124)
at org.testng.internal.Invoker.invokeMethod(Invoker.java:583)
at org.testng.internal.Invoker.invokeTestMethod(Invoker.java:719)
at org.testng.internal.Invoker.invokeTestMethods(Invoker.java:989)
at org.testng.internal.TestMethodWorker.invokeTestMethods(TestMethodWorker.java:125)
at org.testng.internal.TestMethodWorker.run(TestMethodWorker.java:109)
at org.testng.TestRunner.privateRun(TestRunner.java:648)
at org.testng.TestRunner.run(TestRunner.java:505)
at org.testng.SuiteRunner.runTest(SuiteRunner.java:455)
at org.testng.SuiteRunner.runSequentially(SuiteRunner.java:450)
at org.testng.SuiteRunner.privateRun(SuiteRunner.java:415)
at org.testng.SuiteRunner.run(SuiteRunner.java:364)
at org.testng.SuiteRunnerWorker.runSuite(SuiteRunnerWorker.java:52)
at org.testng.SuiteRunnerWorker.run(SuiteRunnerWorker.java:84)
at org.testng.TestNG.runSuitesSequentially(TestNG.java:1208)
at org.testng.TestNG.runSuitesLocally(TestNG.java:1137)
at org.testng.TestNG.runSuites(TestNG.java:1049)
at org.testng.TestNG.run(TestNG.java:1017)
at org.apache.maven.surefire.testng.TestNGExecutor.run(TestNGExecutor.java:284)
at org.apache.maven.surefire.testng.TestNGXmlTestSuite.execute(TestNGXmlTestSuite.java:75)
at org.apache.maven.surefire.testng.TestNGProvider.invoke(TestNGProvider.java:119)
at org.apache.maven.surefire.booter.ForkedBooter.runSuitesInProcess(ForkedBooter.java:428)
at org.apache.maven.surefire.booter.ForkedBooter.execute(ForkedBooter.java:162)
at org.apache.maven.surefire.booter.ForkedBooter.run(ForkedBooter.java:562)
at org.apache.maven.surefire.booter.ForkedBooter.main(ForkedBooter.java:548)
]]>
            </full-stacktrace>
          </exception> <!-- junit.framework.ComparisonFailure -->
          <reporter-output>
          </reporter-output>
        </test-method> <!-- basepageNavigation -->
      </class> <!-- Academy.validateTitle -->
      <class name="Academy.ValidatenavigationBar">
        <test-method is-config="true" signature="initialize()[pri:0, instance:Academy.ValidatenavigationBar@49d3c823]" started-at="2021-02-01T13:25:35Z" name="initialize" finished-at="2021-02-01T13:25:45Z" duration-ms="9712" status="PASS">
          <reporter-output>
          </reporter-output>
        </test-method> <!-- initialize -->
        <test-method is-config="true" signature="initialize()[pri:0, instance:Academy.homePage@906d29b]" started-at="2021-02-01T13:25:45Z" name="initialize" finished-at="2021-02-01T13:25:48Z" duration-ms="3396" status="PASS">
          <reporter-output>
          </reporter-output>
        </test-method> <!-- initialize -->
        <test-method is-config="true" signature="initialize()[pri:0, instance:Academy.validateTitle@436bc36]" started-at="2021-02-01T13:25:48Z" name="initialize" finished-at="2021-02-01T13:25:57Z" duration-ms="8685" status="PASS">
          <reporter-output>
          </reporter-output>
        </test-method> <!-- initialize -->
        <test-method signature="navigation()[pri:0, instance:Academy.ValidatenavigationBar@49d3c823]" started-at="2021-02-01T13:26:38Z" name="navigation" finished-at="2021-02-01T13:26:38Z" duration-ms="493" status="PASS">
          <reporter-output>
          </reporter-output>
        </test-method> <!-- navigation -->
        <test-method is-config="true" signature="teardown()[pri:0, instance:Academy.ValidatenavigationBar@49d3c823]" started-at="2021-02-01T13:26:38Z" name="teardown" finished-at="2021-02-01T13:26:39Z" duration-ms="258" status="PASS">
          <reporter-output>
          </reporter-output>
        </test-method> <!-- teardown -->
        <test-method is-config="true" signature="teardown()[pri:0, instance:Academy.homePage@906d29b]" started-at="2021-02-01T13:26:39Z" name="teardown" finished-at="2021-02-01T13:26:39Z" duration-ms="187" status="PASS">
          <reporter-output>
          </reporter-output>
        </test-method> <!-- teardown -->
        <test-method is-config="true" signature="teardown()[pri:0, instance:Academy.validateTitle@436bc36]" started-at="2021-02-01T13:26:39Z" name="teardown" finished-at="2021-02-01T13:26:39Z" duration-ms="253" status="PASS">
          <reporter-output>
          </reporter-output>
        </test-method> <!-- teardown -->
      </class> <!-- Academy.ValidatenavigationBar -->
      <class name="Academy.homePage">
        <test-method signature="basepageNavigation(java.lang.String, java.lang.String)[pri:0, instance:Academy.homePage@906d29b]" started-at="2021-02-01T13:25:57Z" name="basepageNavigation" data-provider="getData" finished-at="2021-02-01T13:26:33Z" duration-ms="35892" status="PASS">
          <params>
            <param index="0">
              <value>
                <![CDATA[bunny]]>
              </value>
            </param>
            <param index="1">
              <value>
                <![CDATA[password1]]>
              </value>
            </param>
          </params>
          <reporter-output>
          </reporter-output>
        </test-method> <!-- basepageNavigation -->
        <test-method signature="basepageNavigation(java.lang.String, java.lang.String)[pri:0, instance:Academy.homePage@906d29b]" started-at="2021-02-01T13:26:33Z" name="basepageNavigation" data-provider="getData" finished-at="2021-02-01T13:26:38Z" duration-ms="4845" status="PASS">
          <params>
            <param index="0">
              <value>
                <![CDATA[balasharath]]>
              </value>
            </param>
            <param index="1">
              <value>
                <![CDATA[gajawada]]>
              </value>
            </param>
          </params>
          <reporter-output>
          </reporter-output>
        </test-method> <!-- basepageNavigation -->
      </class> <!-- Academy.homePage -->
    </test> <!-- Test -->
  </suite> <!-- Suite -->
</testng-results>
