<?xml version="1.0" encoding="UTF-8"?>
<testng-results ignored="0" total="4" passed="3" failed="1" skipped="0">
  <reporter-output>
  </reporter-output>
  <suite started-at="2021-02-11T10:16:11Z" name="Suite" finished-at="2021-02-11T10:18:12Z" duration-ms="120656">
    <groups>
    </groups>
    <test started-at="2021-02-11T10:16:11Z" name="navigationvalidation" finished-at="2021-02-11T10:17:59Z" duration-ms="108131">
      <class name="Academy.ValidatenavigationBar">
        <test-method is-config="true" signature="initialize()[pri:0, instance:Academy.ValidatenavigationBar@29b732a2]" started-at="2021-02-11T10:16:11Z" name="initialize" finished-at="2021-02-11T10:17:51Z" duration-ms="100048" status="PASS">
          <reporter-output>
          </reporter-output>
        </test-method> <!-- initialize -->
        <test-method signature="navigation()[pri:0, instance:Academy.ValidatenavigationBar@29b732a2]" started-at="2021-02-11T10:17:51Z" name="navigation" finished-at="2021-02-11T10:17:58Z" duration-ms="6733" status="PASS">
          <reporter-output>
          </reporter-output>
        </test-method> <!-- navigation -->
        <test-method is-config="true" signature="teardown()[pri:0, instance:Academy.ValidatenavigationBar@29b732a2]" started-at="2021-02-11T10:17:58Z" name="teardown" finished-at="2021-02-11T10:17:59Z" duration-ms="1333" status="PASS">
          <reporter-output>
          </reporter-output>
        </test-method> <!-- teardown -->
      </class> <!-- Academy.ValidatenavigationBar -->
    </test> <!-- navigationvalidation -->
    <test started-at="2021-02-11T10:16:11Z" name="titlevalidation" finished-at="2021-02-11T10:17:59Z" duration-ms="108131">
      <class name="Academy.validateTitle">
        <test-method is-config="true" signature="initialize()[pri:0, instance:Academy.validateTitle@62e8f862]" started-at="2021-02-11T10:16:11Z" name="initialize" finished-at="2021-02-11T10:17:51Z" duration-ms="100166" status="PASS">
          <reporter-output>
          </reporter-output>
        </test-method> <!-- initialize -->
        <test-method signature="basepageNavigation()[pri:0, instance:Academy.validateTitle@62e8f862]" started-at="2021-02-11T10:17:51Z" name="basepageNavigation" finished-at="2021-02-11T10:17:54Z" duration-ms="2506" status="FAIL">
          <exception class="junit.framework.ComparisonFailure">
            <message>
              <![CDATA[expected:<......> but was:<...3...>]]>
            </message>
            <full-stacktrace>
              <![CDATA[junit.framework.ComparisonFailure: expected:<......> but was:<...3...>
at junit.framework.Assert.assertEquals(Assert.java:81)
at junit.framework.Assert.assertEquals(Assert.java:87)
at Academy.validateTitle.basepageNavigation(validateTitle.java:37)
at java.base/jdk.internal.reflect.NativeMethodAccessorImpl.invoke0(Native Method)
at java.base/jdk.internal.reflect.NativeMethodAccessorImpl.invoke(NativeMethodAccessorImpl.java:64)
at java.base/jdk.internal.reflect.DelegatingMethodAccessorImpl.invoke(DelegatingMethodAccessorImpl.java:43)
at java.base/java.lang.reflect.Method.invoke(Method.java:564)
at org.testng.internal.MethodInvocationHelper.invokeMethod(MethodInvocationHelper.java:124)
at org.testng.internal.Invoker.invokeMethod(Invoker.java:583)
at org.testng.internal.Invoker.invokeTestMethod(Invoker.java:719)
at org.testng.internal.Invoker.invokeTestMethods(Invoker.java:989)
at org.testng.internal.TestMethodWorker.invokeTestMethods(TestMethodWorker.java:125)
at org.testng.internal.TestMethodWorker.run(TestMethodWorker.java:109)
at org.testng.TestRunner.privateRun(TestRunner.java:648)
at org.testng.TestRunner.run(TestRunner.java:505)
at org.testng.SuiteRunner.runTest(SuiteRunner.java:455)
at org.testng.SuiteRunner.access$000(SuiteRunner.java:40)
at org.testng.SuiteRunner$SuiteWorker.run(SuiteRunner.java:489)
at org.testng.internal.thread.ThreadUtil$1.call(ThreadUtil.java:52)
at java.base/java.util.concurrent.FutureTask.run(FutureTask.java:264)
at java.base/java.util.concurrent.ThreadPoolExecutor.runWorker(ThreadPoolExecutor.java:1130)
at java.base/java.util.concurrent.ThreadPoolExecutor$Worker.run(ThreadPoolExecutor.java:630)
at java.base/java.lang.Thread.run(Thread.java:832)
]]>
            </full-stacktrace>
          </exception> <!-- junit.framework.ComparisonFailure -->
          <reporter-output>
          </reporter-output>
        </test-method> <!-- basepageNavigation -->
        <test-method is-config="true" signature="teardown()[pri:0, instance:Academy.validateTitle@62e8f862]" started-at="2021-02-11T10:17:57Z" name="teardown" finished-at="2021-02-11T10:17:59Z" duration-ms="2194" status="PASS">
          <reporter-output>
          </reporter-output>
        </test-method> <!-- teardown -->
      </class> <!-- Academy.validateTitle -->
    </test> <!-- titlevalidation -->
    <test started-at="2021-02-11T10:16:11Z" name="uservalidation" finished-at="2021-02-11T10:18:12Z" duration-ms="120656">
      <class name="Academy.homePage">
        <test-method is-config="true" signature="initialize()[pri:0, instance:Academy.homePage@1db0ec27]" started-at="2021-02-11T10:16:11Z" name="initialize" finished-at="2021-02-11T10:16:44Z" duration-ms="33010" status="PASS">
          <reporter-output>
          </reporter-output>
        </test-method> <!-- initialize -->
        <test-method signature="basepageNavigation(java.lang.String, java.lang.String)[pri:0, instance:Academy.homePage@1db0ec27]" started-at="2021-02-11T10:16:44Z" name="basepageNavigation" data-provider="getData" finished-at="2021-02-11T10:18:01Z" duration-ms="76462" status="PASS">
          <params>
            <param index="0">
              <value>
                <![CDATA[bunny]]>
              </value>
            </param>
            <param index="1">
              <value>
                <![CDATA[password1]]>
              </value>
            </param>
          </params>
          <reporter-output>
          </reporter-output>
        </test-method> <!-- basepageNavigation -->
        <test-method signature="basepageNavigation(java.lang.String, java.lang.String)[pri:0, instance:Academy.homePage@1db0ec27]" started-at="2021-02-11T10:18:01Z" name="basepageNavigation" data-provider="getData" finished-at="2021-02-11T10:18:11Z" duration-ms="9861" status="PASS">
          <params>
            <param index="0">
              <value>
                <![CDATA[balasharath]]>
              </value>
            </param>
            <param index="1">
              <value>
                <![CDATA[gajawada]]>
              </value>
            </param>
          </params>
          <reporter-output>
          </reporter-output>
        </test-method> <!-- basepageNavigation -->
        <test-method is-config="true" signature="teardown()[pri:0, instance:Academy.homePage@1db0ec27]" started-at="2021-02-11T10:18:11Z" name="teardown" finished-at="2021-02-11T10:18:12Z" duration-ms="995" status="PASS">
          <reporter-output>
          </reporter-output>
        </test-method> <!-- teardown -->
      </class> <!-- Academy.homePage -->
    </test> <!-- uservalidation -->
  </suite> <!-- Suite -->
</testng-results>
